2020-08-27 16:07:58 INFO  Log:11 - Test Started....TestPostMethod
2020-08-27 16:07:58 INFO  Log:11 - 
2020-08-27 16:08:00 INFO  Log:11 - Success of test cases  : TestPostMethod
2020-08-27 16:08:00 INFO  Log:11 - Test Started....TestGetMethod
2020-08-27 16:08:00 INFO  Log:11 - 
2020-08-27 16:08:01 INFO  Log:11 - Success of test cases  : TestGetMethod
2020-08-27 16:11:36 INFO  Log:11 - Test Started....TestPostMethod
2020-08-27 16:11:39 INFO  Log:11 - Success of test cases  : TestPostMethod
2020-08-27 16:11:39 INFO  Log:11 - Test Started....TestGetMethod
2020-08-27 16:11:39 INFO  Log:11 - Success of test cases  : TestGetMethod
2020-08-28 17:58:52 INFO  Log:11 - Test Started....TestPostMethod
2020-08-28 17:58:56 INFO  Log:11 - Success of test cases  : TestPostMethod
2020-08-28 17:58:56 INFO  Log:11 - Test Started....TestGetMethod
2020-08-28 17:58:57 INFO  Log:11 - Success of test cases  : TestGetMethod
2020-08-28 18:08:10 INFO  Log:11 - Test Started....TestPostMethod
2020-08-28 18:08:13 INFO  Log:11 - Success of test cases  : TestPostMethod
2020-08-28 18:08:13 INFO  Log:11 - Test Started....TestGetMethod
2020-08-28 18:08:14 INFO  Log:11 - Success of test cases  : TestGetMethod
2020-08-28 18:10:11 INFO  Log:11 - Test Started....TestPostMethod
2020-08-28 18:10:14 INFO  Log:11 - Success of test cases  : TestPostMethod
2020-08-28 18:10:14 INFO  Log:11 - Test Started....TestGetMethod
2020-08-28 18:10:14 INFO  Log:11 - Success of test cases  : TestGetMethod
2020-08-28 18:42:06 INFO  Log:11 - Test Started....TestGetMethod
2020-08-28 18:42:10 INFO  Log:11 - Failure of test cases : TestGetMethod
2020-08-28 18:43:16 INFO  Log:11 - Test Started....TestGetMethod
2020-08-28 18:43:18 INFO  Log:11 - Success of test cases  : TestGetMethod
2020-08-28 19:14:40 INFO  Log:11 - Test Started....TestPostMethod
2020-08-28 19:14:44 INFO  Log:11 - Success of test cases  : TestPostMethod
2020-08-28 19:14:44 INFO  Log:11 - Test Started....TestGetMethod
2020-08-28 19:14:45 INFO  Log:11 - Failure of test cases : TestGetMethod
2020-08-28 19:15:06 INFO  Log:11 - Test Started....TestGetMethod
2020-08-28 19:15:09 INFO  Log:11 - Failure of test cases : TestGetMethod
2020-08-28 19:28:58 INFO  Log:11 - Test Started....TestGetMethod
2020-08-28 19:29:00 INFO  Log:11 - Success of test cases  : TestGetMethod
2020-09-02 13:43:48 INFO  Log:11 - Test Started....TestPostMethod
2020-09-02 13:43:51 INFO  Log:11 - Success of test cases  : TestPostMethod
2020-09-02 13:43:51 INFO  Log:11 - Test Started....TestGetMethod
2020-09-02 13:43:52 INFO  Log:11 - Success of test cases  : TestGetMethod
